<?xml version="1.0" encoding="UTF-8"?>
<!-- Generated by org.testng.reporters.JUnitReportReporter -->
<testsuite hostname="SNK" failures="0" tests="1" name="com.TestNGpracticeTest.Sample1" time="3.402" errors="0" timestamp="2023-11-22T14:36:34 IST" skipped="0">
  <testcase classname="com.TestNGpracticeTest.Sample1" name="test1" time="3.402"/>
  <system-out/>
</testsuite> <!-- com.TestNGpracticeTest.Sample1 -->
