<?xml version="1.0" encoding="UTF-8"?>
<!-- Generated by org.testng.reporters.JUnitReportReporter -->
<testsuite hostname="SNK" failures="0" tests="2" name="com.TestNGpracticeTest.DataProvidertest" time="0.027" errors="0" timestamp="2023-11-21T07:24:01 IST" skipped="0">
  <testcase classname="com.TestNGpracticeTest.DataProvidertest" name="getdata" time="0.004"/>
  <system-out/>
  <testcase classname="com.TestNGpracticeTest.DataProvidertest" name="getdata" time="0.023"/>
  <system-out/>
</testsuite> <!-- com.TestNGpracticeTest.DataProvidertest -->
