<?xml version="1.0" encoding="UTF-8"?>
<!-- Generated by org.testng.reporters.JUnitReportReporter -->
<testsuite hostname="SNK" failures="0" tests="1" name="PracticeDatabase.mavenDatabasse" time="0.032" errors="0" timestamp="2023-11-26T11:52:41 IST" skipped="0">
  <testcase classname="PracticeDatabase.mavenDatabasse" name="run" time="0.032"/>
  <system-out/>
</testsuite> <!-- PracticeDatabase.mavenDatabasse -->
