<?xml version="1.0" encoding="UTF-8"?>
<!-- Generated by org.testng.reporters.JUnitReportReporter -->
<testsuite hostname="SNK" failures="0" tests="1" name="com.TestNGpracticeTest.SoftAssert" time="6.036" errors="0" timestamp="2023-11-22T16:22:38 IST" skipped="0">
  <testcase classname="com.TestNGpracticeTest.SoftAssert" name="equalAssert" time="6.036"/>
  <system-out/>
</testsuite> <!-- com.TestNGpracticeTest.SoftAssert -->
