<?xml version="1.0" encoding="UTF-8"?>
<!-- Generated by org.testng.reporters.JUnitReportReporter -->
<testsuite hostname="SNK" failures="0" tests="1" name="com.hms.hospice.sprint1.AdminChangePasswordTest" time="4.831" errors="0" timestamp="2023-11-30T14:40:52 IST" skipped="0">
  <testcase classname="com.hms.hospice.sprint1.AdminChangePasswordTest" name="test1" time="4.831"/>
  <system-out/>
</testsuite> <!-- com.hms.hospice.sprint1.AdminChangePasswordTest -->
