<?xml version="1.0" encoding="UTF-8"?>
<!-- Generated by org.testng.reporters.JUnitReportReporter -->
<testsuite hostname="SNK" failures="0" tests="1" name="Xpath.Flipkart" time="5.563" errors="0" timestamp="2024-01-23T18:26:10 IST" skipped="0">
  <testcase classname="Xpath.Flipkart" name="move" time="5.563"/>
  <system-out/>
</testsuite> <!-- Xpath.Flipkart -->
