<?xml version="1.0" encoding="UTF-8"?>
<!-- Generated by org.testng.reporters.JUnitReportReporter -->
<testsuite hostname="SNK" failures="0" tests="1" name="com.hms.hospice.sprint1.PatientBookAppointmentTest" time="5.330" errors="0" timestamp="2023-12-01T11:39:56 IST" skipped="0">
  <testcase classname="com.hms.hospice.sprint1.PatientBookAppointmentTest" name="BookAppointment" time="5.330"/>
  <system-out/>
</testsuite> <!-- com.hms.hospice.sprint1.PatientBookAppointmentTest -->
