<?xml version="1.0" encoding="UTF-8"?>
<!-- Generated by org.testng.reporters.JUnitReportReporter -->
<testsuite hostname="SNK" failures="0" tests="3" name="com.TestNGpracticeTest.DataProviderExcelTest" time="0.028" errors="0" timestamp="2023-11-21T07:25:13 IST" skipped="0">
  <testcase classname="com.TestNGpracticeTest.DataProviderExcelTest" name="getData" time="0.020"/>
  <system-out/>
  <testcase classname="com.TestNGpracticeTest.DataProviderExcelTest" name="getData" time="0.003"/>
  <system-out/>
  <testcase classname="com.TestNGpracticeTest.DataProviderExcelTest" name="getData" time="0.005"/>
  <system-out/>
</testsuite> <!-- com.TestNGpracticeTest.DataProviderExcelTest -->
