<?xml version="1.0" encoding="UTF-8"?>
<!-- Generated by org.testng.reporters.JUnitReportReporter -->
<testsuite hostname="SNK" failures="0" tests="1" name="com.hms.hospice.sprint1.getProject" time="4.614" errors="0" timestamp="2023-12-27T13:31:48 IST" skipped="0">
  <testcase classname="com.hms.hospice.sprint1.getProject" name="test" time="4.614"/>
  <system-out/>
</testsuite> <!-- com.hms.hospice.sprint1.getProject -->
