<?xml version="1.0" encoding="UTF-8"?>
<!-- Generated by org.testng.reporters.JUnitReportReporter -->
<testsuite hostname="SNK" failures="0" tests="1" name="com.TestNGpracticeTest.HardAssert" time="3.337" errors="0" timestamp="2023-11-22T16:04:49 IST" skipped="0">
  <testcase classname="com.TestNGpracticeTest.HardAssert" name="assertNotEqual" time="3.337"/>
  <system-out/>
</testsuite> <!-- com.TestNGpracticeTest.HardAssert -->
