<?xml version="1.0" encoding="UTF-8"?>
<!-- Generated by org.testng.reporters.JUnitReportReporter -->
<testsuite hostname="SNK" failures="0" tests="3" name="com.TestNGpracticeTest.ExecuteClass" time="0.029" errors="0" timestamp="2023-11-21T07:38:12 IST" skipped="0">
  <testcase classname="com.TestNGpracticeTest.ExecuteClass" name="getData" time="0.003"/>
  <system-out/>
  <testcase classname="com.TestNGpracticeTest.ExecuteClass" name="getData" time="0.003"/>
  <system-out/>
  <testcase classname="com.TestNGpracticeTest.ExecuteClass" name="getData" time="0.023"/>
  <system-out/>
</testsuite> <!-- com.TestNGpracticeTest.ExecuteClass -->
