<?xml version="1.0" encoding="UTF-8"?>
<!-- Generated by org.testng.reporters.JUnitReportReporter -->
<testsuite hostname="SNK" failures="0" tests="1" name="Xpath.Bigbasket" time="11.256" errors="0" timestamp="2024-01-18T17:43:34 IST" skipped="0">
  <testcase classname="Xpath.Bigbasket" name="veg" time="11.256"/>
  <system-out/>
</testsuite> <!-- Xpath.Bigbasket -->
