<?xml version="1.0" encoding="UTF-8"?>
<!-- Generated by org.testng.reporters.JUnitReportReporter -->
<testsuite hostname="SNK" failures="0" tests="1" name="Xpath.test" time="0.023" errors="0" timestamp="2024-01-25T16:06:35 IST" skipped="0">
  <testcase classname="Xpath.test" name="space" time="0.023"/>
  <system-out/>
</testsuite> <!-- Xpath.test -->
