<?xml version="1.0" encoding="UTF-8"?>
<!-- Generated by org.testng.reporters.JUnitReportReporter -->
<testsuite hostname="SNK" failures="0" tests="4" name="ParallelExecution.Sample1" time="0.027" errors="0" timestamp="2024-01-31T10:51:35 IST" skipped="0">
  <testcase classname="ParallelExecution.Sample1" name="t1" time="0.002"/>
  <system-out/>
  <testcase classname="ParallelExecution.Sample1" name="ca1" time="0.003"/>
  <system-out/>
  <testcase classname="ParallelExecution.Sample1" name="a1" time="0.019"/>
  <system-out/>
  <testcase classname="ParallelExecution.Sample1" name="cx1" time="0.003"/>
  <system-out/>
</testsuite> <!-- ParallelExecution.Sample1 -->
