<?xml version="1.0" encoding="UTF-8"?>
<!-- Generated by org.testng.reporters.JUnitReportReporter -->
<testsuite hostname="SNK" failures="0" tests="1" name="Xpath.FIndMobilePrice" time="7.641" errors="0" timestamp="2024-01-04T10:20:42 IST" skipped="0">
  <testcase classname="Xpath.FIndMobilePrice" name="find" time="7.641"/>
  <system-out/>
</testsuite> <!-- Xpath.FIndMobilePrice -->
