<?xml version="1.0" encoding="UTF-8"?>
<!-- Generated by org.testng.reporters.JUnitReportReporter -->
<testsuite hostname="SNK" failures="0" tests="1" name="com.TestNGpracticeTest.Practice2TestNg" time="0.014" errors="0" timestamp="2023-11-26T16:37:09 IST" skipped="0">
  <testcase classname="com.TestNGpracticeTest.Practice2TestNg" name="test" time="0.014"/>
  <system-out/>
</testsuite> <!-- com.TestNGpracticeTest.Practice2TestNg -->
