<?xml version="1.0" encoding="UTF-8"?>
<!-- Generated by org.testng.reporters.JUnitReportReporter -->
<testsuite hostname="SNK" failures="0" tests="1" name="Xpath.angelone" time="26.052" errors="0" timestamp="2024-01-23T17:41:28 IST" skipped="0">
  <testcase classname="Xpath.angelone" name="next" time="26.052"/>
  <system-out/>
</testsuite> <!-- Xpath.angelone -->
