<?xml version="1.0" encoding="UTF-8"?>
<!-- Generated by org.testng.reporters.JUnitReportReporter -->
<testsuite hostname="SNK" failures="0" tests="1" name="Xpath.WebtableDATA" time="8.872" errors="0" timestamp="2024-02-01T16:56:44 IST" skipped="0">
  <testcase classname="Xpath.WebtableDATA" name="data" time="8.872"/>
  <system-out/>
</testsuite> <!-- Xpath.WebtableDATA -->
