<?xml version="1.0" encoding="UTF-8"?>
<!-- Generated by org.testng.reporters.JUnitReportReporter -->
<testsuite hostname="SNK" failures="0" tests="6" name="com.TestNGpracticeTest.Sample2" time="22.207" errors="0" timestamp="2023-11-22T14:27:20 IST" skipped="0">
  <testcase classname="com.TestNGpracticeTest.Sample2" name="s2test2" time="3.188"/>
  <system-out/>
  <testcase classname="com.TestNGpracticeTest.Sample2" name="s2test1" time="3.277"/>
  <system-out/>
  <testcase classname="com.TestNGpracticeTest.Sample2" name="s2test2" time="4.085"/>
  <system-out/>
  <testcase classname="com.TestNGpracticeTest.Sample2" name="s2test1" time="4.176"/>
  <system-out/>
  <testcase classname="com.TestNGpracticeTest.Sample2" name="s2test2" time="3.219"/>
  <system-out/>
  <testcase classname="com.TestNGpracticeTest.Sample2" name="s2test1" time="4.262"/>
  <system-out/>
</testsuite> <!-- com.TestNGpracticeTest.Sample2 -->
