<?xml version="1.0" encoding="UTF-8"?>
<!-- Generated by org.testng.reporters.JUnitReportReporter -->
<testsuite hostname="SNK" failures="0" tests="6" name="com.TestNGpracticeTest.Sample3" time="21.242" errors="0" timestamp="2023-11-22T14:27:20 IST" skipped="0">
  <testcase classname="com.TestNGpracticeTest.Sample3" name="s3Test1" time="3.862"/>
  <system-out/>
  <testcase classname="com.TestNGpracticeTest.Sample3" name="s3Test1" time="3.147"/>
  <system-out/>
  <testcase classname="com.TestNGpracticeTest.Sample3" name="s3Test2" time="4.036"/>
  <system-out/>
  <testcase classname="com.TestNGpracticeTest.Sample3" name="s3Test2" time="3.935"/>
  <system-out/>
  <testcase classname="com.TestNGpracticeTest.Sample3" name="s3Test2" time="3.161"/>
  <system-out/>
  <testcase classname="com.TestNGpracticeTest.Sample3" name="s3Test1" time="3.101"/>
  <system-out/>
</testsuite> <!-- com.TestNGpracticeTest.Sample3 -->
