<?xml version="1.0" encoding="UTF-8"?>
<!-- Generated by org.testng.reporters.JUnitReportReporter -->
<testsuite hostname="SNK" failures="0" tests="1" name="com.TestNGpracticeTest.AnnotationsPratice" time="0.023" errors="0" timestamp="2023-11-26T16:29:53 IST" skipped="0">
  <testcase classname="com.TestNGpracticeTest.AnnotationsPratice" name="test" time="0.023"/>
  <system-out/>
</testsuite> <!-- com.TestNGpracticeTest.AnnotationsPratice -->
