<?xml version="1.0" encoding="UTF-8"?>
<!-- Generated by org.testng.reporters.JUnitReportReporter -->
<testsuite hostname="SNK" failures="0" tests="1" name="Xpath.shoecornival" time="81.317" errors="0" timestamp="2024-02-05T15:03:03 IST" skipped="0">
  <testcase classname="Xpath.shoecornival" name="ro" time="81.317"/>
  <system-out/>
</testsuite> <!-- Xpath.shoecornival -->
