<?xml version="1.0" encoding="UTF-8"?>
<!-- Generated by org.testng.reporters.JUnitReportReporter -->
<testsuite hostname="SNK" failures="0" tests="6" name="ParallelExecution.TestCase" time="99.655" errors="0" timestamp="2024-02-12T10:49:35 IST" skipped="0">
  <testcase classname="ParallelExecution.TestCase" name="test1" time="20.027"/>
  <system-out/>
  <testcase classname="ParallelExecution.TestCase" name="test1" time="16.450"/>
  <system-out/>
  <testcase classname="ParallelExecution.TestCase" name="test3" time="19.067"/>
  <system-out/>
  <testcase classname="ParallelExecution.TestCase" name="test3" time="14.261"/>
  <system-out/>
  <testcase classname="ParallelExecution.TestCase" name="test2" time="14.597"/>
  <system-out/>
  <testcase classname="ParallelExecution.TestCase" name="test2" time="15.253"/>
  <system-out/>
</testsuite> <!-- ParallelExecution.TestCase -->
