<?xml version="1.0" encoding="UTF-8"?>
<!-- Generated by org.testng.reporters.JUnitReportReporter -->
<testsuite hostname="SNK" failures="0" tests="4" name="com.TestNGpracticeTest.PraticeTest" time="0.063" errors="0" timestamp="2023-11-21T20:16:20 IST" skipped="0">
  <testcase classname="com.TestNGpracticeTest.PraticeTest" name="create" time="0.004"/>
  <system-out/>
  <testcase classname="com.TestNGpracticeTest.PraticeTest" name="delete" time="0.003"/>
  <system-out/>
  <testcase classname="com.TestNGpracticeTest.PraticeTest" name="mreate" time="0.052"/>
  <system-out/>
  <testcase classname="com.TestNGpracticeTest.PraticeTest" name="edit" time="0.004"/>
  <system-out/>
</testsuite> <!-- com.TestNGpracticeTest.PraticeTest -->
