<?xml version="1.0" encoding="UTF-8"?>
<!-- Generated by org.testng.reporters.JUnitReportReporter -->
<testsuite hostname="SNK" failures="0" tests="1" name="ParallelExecution.Sample3" time="0.017" errors="0" timestamp="2024-01-31T10:39:32 IST" skipped="0">
  <testcase classname="ParallelExecution.Sample3" name="t1" time="0.017"/>
  <system-out/>
</testsuite> <!-- ParallelExecution.Sample3 -->
